#
# There is insufficient memory for the Java Runtime Environment to continue.
# Native memory allocation (mmap) failed to map 268435456 bytes for Failed to commit area from 0x0000000701000000 to 0x0000000711000000 of length 268435456.
# Possible reasons:
#   The system is out of physical RAM or swap space
#   The process is running with CompressedOops enabled, and the Java Heap may be blocking the growth of the native heap
# Possible solutions:
#   Reduce memory load on the system
#   Increase physical memory or swap space
#   Check if swap backing store is full
#   Decrease Java heap size (-Xmx/-Xms)
#   Decrease number of Java threads
#   Decrease Java thread stack sizes (-Xss)
#   Set larger code cache with -XX:ReservedCodeCacheSize=
# This output file may be truncated or incomplete.
#
#  Out of Memory Error (./src/hotspot/os/windows/os_windows.cpp:3303), pid=18840, tid=5820
#
# JRE version:  (11.0.9.1+11) (build )
# Java VM: OpenJDK 64-Bit Server VM (11.0.9.1+11-b1145.77, mixed mode, sharing, tiered, compressed oops, g1 gc, windows-amd64)
# No core dump will be written. Minidumps are not enabled by default on client versions of Windows
#

---------------  S U M M A R Y ------------

Command Line: org.jetbrains.git4idea.http.GitAskPassApp Password for 'https://sultan0@bitbucket.org': 

Host: Intel(R) Core(TM) i7-9700K CPU @ 3.60GHz, 8 cores, 15G,  Windows 10 , 64 bit Build 18362 (10.0.18362.1350)
Time: Mon Feb 15 22:20:08 2021 Bangladesh Standard Time elapsed time: 0.009712 seconds (0d 0h 0m 0s)

---------------  T H R E A D  ---------------

Current thread (0x0000027e5b80c800):  JavaThread "Unknown thread" [_thread_in_vm, id=5820, stack(0x000000bc5d500000,0x000000bc5d600000)]

Stack: [0x000000bc5d500000,0x000000bc5d600000]
Native frames: (J=compiled Java code, j=interpreted, Vv=VM code, C=native code)
V  [jvm.dll+0x5edd9a]
V  [jvm.dll+0x7229c5]
V  [jvm.dll+0x723f1d]
V  [jvm.dll+0x7245d3]
V  [jvm.dll+0x2431b8]
V  [jvm.dll+0x5eb234]
V  [jvm.dll+0x5e0325]
V  [jvm.dll+0x2fe60b]
V  [jvm.dll+0x2fe57a]
V  [jvm.dll+0x2fe452]
V  [jvm.dll+0x303346]
V  [jvm.dll+0x34ba83]
V  [jvm.dll+0x34c186]
V  [jvm.dll+0x34bb83]
V  [jvm.dll+0x2d9218]
V  [jvm.dll+0x2da3c7]
V  [jvm.dll+0x701a67]
V  [jvm.dll+0x70325c]
V  [jvm.dll+0x359049]
V  [jvm.dll+0x6e552e]
V  [jvm.dll+0x3c1353]
V  [jvm.dll+0x3c3571]
C  [jli.dll+0x5373]
C  [ucrtbase.dll+0x210b2]
C  [KERNEL32.DLL+0x17c24]
C  [ntdll.dll+0x6d721]


---------------  P R O C E S S  ---------------

Threads class SMR info:
_java_thread_list=0x0000027e5b735180, length=0, elements={
}

Java Threads: ( => current thread )

Other Threads:
  0x0000027e5d8c7800 GCTaskThread "GC Thread#0" [stack: 0x000000bc5d600000,0x000000bc5d700000] [id=18624]
  0x0000027e5d926000 ConcurrentGCThread "G1 Main Marker" [stack: 0x000000bc5d700000,0x000000bc5d800000] [id=6304]
  0x0000027e5d927800 ConcurrentGCThread "G1 Conc#0" [stack: 0x000000bc5d800000,0x000000bc5d900000] [id=10708]

[error occurred during error reporting (printing all threads), id 0xc0000005, EXCEPTION_ACCESS_VIOLATION (0xc0000005) at pc=0x00007ffbaee99807]

VM state:not at safepoint (not fully initialized)

VM Mutex/Monitor currently owned by a thread:  ([mutex/lock_event])
[0x0000027e5d8b0600] Heap_lock - owner thread: 0x0000027e5b80c800

Heap address: 0x0000000701000000, size: 4080 MB, Compressed Oops mode: Non-zero based: 0x0000000701000000
Narrow klass base: 0x0000000000000000, Narrow klass shift: 0

GC Heap History (0 events):
No events

Deoptimization events (0 events):
No events

Classes redefined (0 events):
No events

Internal exceptions (0 events):
No events

Events (1 events):
Event: 0.003 Loaded shared library C:\Program Files\JetBrains\PhpStorm 2020.3.2\jbr\bin\zip.dll


Dynamic libraries:
0x00007ff624340000 - 0x00007ff62434a000 	C:\Program Files\JetBrains\PhpStorm 2020.3.2\jbr\bin\java.exe
0x00007ffbe1720000 - 0x00007ffbe1910000 	C:\Windows\SYSTEM32\ntdll.dll
0x00007ffbe1230000 - 0x00007ffbe12e2000 	C:\Windows\System32\KERNEL32.DLL
0x00007ffbdf130000 - 0x00007ffbdf3d5000 	C:\Windows\System32\KERNELBASE.dll
0x00007ffbdf3e0000 - 0x00007ffbdf4da000 	C:\Windows\System32\ucrtbase.dll
0x00007ffbc7440000 - 0x00007ffbc7459000 	C:\Program Files\JetBrains\PhpStorm 2020.3.2\jbr\bin\jli.dll
0x00007ffbb47a0000 - 0x00007ffbb47b7000 	C:\Program Files\JetBrains\PhpStorm 2020.3.2\jbr\bin\VCRUNTIME140.dll
0x00007ffbdfce0000 - 0x00007ffbdfe74000 	C:\Windows\System32\USER32.dll
0x00007ffbd7320000 - 0x00007ffbd75a4000 	C:\Windows\WinSxS\amd64_microsoft.windows.common-controls_6595b64144ccf1df_6.0.18362.1379_none_9e7ff3b3e45cc0c4\COMCTL32.dll
0x00007ffbdf010000 - 0x00007ffbdf031000 	C:\Windows\System32\win32u.dll
0x00007ffbdfb20000 - 0x00007ffbdfbbe000 	C:\Windows\System32\msvcrt.dll
0x00007ffbdfe80000 - 0x00007ffbdfea6000 	C:\Windows\System32\GDI32.dll
0x00007ffbe13a0000 - 0x00007ffbe16d7000 	C:\Windows\System32\combase.dll
0x00007ffbdee70000 - 0x00007ffbdf008000 	C:\Windows\System32\gdi32full.dll
0x00007ffbdfbc0000 - 0x00007ffbdfcdf000 	C:\Windows\System32\RPCRT4.dll
0x00007ffbdf650000 - 0x00007ffbdf6ee000 	C:\Windows\System32\msvcp_win.dll
0x00007ffbdf040000 - 0x00007ffbdf0c1000 	C:\Windows\System32\bcryptPrimitives.dll
0x00007ffbe0ec0000 - 0x00007ffbe0eee000 	C:\Windows\System32\IMM32.DLL
0x00007ffbadf70000 - 0x00007ffbae00d000 	C:\Program Files\JetBrains\PhpStorm 2020.3.2\jbr\bin\msvcp140.dll
0x00007ffbaebb0000 - 0x00007ffbaf67e000 	C:\Program Files\JetBrains\PhpStorm 2020.3.2\jbr\bin\server\jvm.dll
0x00007ffbe12f0000 - 0x00007ffbe1393000 	C:\Windows\System32\ADVAPI32.dll
0x00007ffbe1190000 - 0x00007ffbe1227000 	C:\Windows\System32\sechost.dll
0x00007ffbe0de0000 - 0x00007ffbe0de8000 	C:\Windows\System32\PSAPI.DLL
0x00007ffbdb170000 - 0x00007ffbdb179000 	C:\Windows\SYSTEM32\WSOCK32.dll
0x00007ffbd2ee0000 - 0x00007ffbd2f04000 	C:\Windows\SYSTEM32\WINMM.dll
0x00007ffbda5c0000 - 0x00007ffbda5ca000 	C:\Windows\SYSTEM32\VERSION.dll
0x00007ffbe0d70000 - 0x00007ffbe0ddf000 	C:\Windows\System32\WS2_32.dll
0x00007ffbd5050000 - 0x00007ffbd507d000 	C:\Windows\SYSTEM32\winmmbase.dll
0x00007ffbdee20000 - 0x00007ffbdee6a000 	C:\Windows\System32\cfgmgr32.dll
0x00007ffbde630000 - 0x00007ffbde641000 	C:\Windows\System32\kernel.appcore.dll
0x00007ffbd72a0000 - 0x00007ffbd72b1000 	C:\Program Files\JetBrains\PhpStorm 2020.3.2\jbr\bin\verify.dll
0x00007ffbd9d40000 - 0x00007ffbd9f34000 	C:\Windows\SYSTEM32\DBGHELP.DLL
0x00007ffbd9c80000 - 0x00007ffbd9caa000 	C:\Windows\SYSTEM32\dbgcore.DLL
0x00007ffbcec40000 - 0x00007ffbcec69000 	C:\Program Files\JetBrains\PhpStorm 2020.3.2\jbr\bin\java.dll
0x00007ffbd32a0000 - 0x00007ffbd32ab000 	C:\Program Files\JetBrains\PhpStorm 2020.3.2\jbr\bin\jimage.dll
0x00007ffbc7400000 - 0x00007ffbc7418000 	C:\Program Files\JetBrains\PhpStorm 2020.3.2\jbr\bin\zip.dll

dbghelp: loaded successfully - version: 4.0.5 - missing functions: none
symbol engine: initialized successfully - sym options: 0x614 - pdb path: .;C:\Program Files\JetBrains\PhpStorm 2020.3.2\jbr\bin;C:\Windows\SYSTEM32;C:\Windows\WinSxS\amd64_microsoft.windows.common-controls_6595b64144ccf1df_6.0.18362.1379_none_9e7ff3b3e45cc0c4;C:\Program Files\JetBrains\PhpStorm 2020.3.2\jbr\bin\server

VM Arguments:
java_command: org.jetbrains.git4idea.http.GitAskPassApp Password for 'https://sultan0@bitbucket.org': 
java_class_path (initial): C:/Program Files/JetBrains/PhpStorm 2020.3.2/plugins/git4idea/lib/git4idea-rt.jar;C:/Program Files/JetBrains/PhpStorm 2020.3.2/lib/xmlrpc-2.0.1.jar;C:/Program Files/JetBrains/PhpStorm 2020.3.2/lib/commons-codec-1.14.jar
Launcher Type: SUN_STANDARD

[Global flags]
     intx CICompilerCount                          = 4                                         {product} {ergonomic}
     uint ConcGCThreads                            = 2                                         {product} {ergonomic}
     uint G1ConcRefinementThreads                  = 8                                         {product} {ergonomic}
   size_t G1HeapRegionSize                         = 1048576                                   {product} {ergonomic}
    uintx GCDrainStackTargetSize                   = 64                                        {product} {ergonomic}
   size_t InitialHeapSize                          = 268435456                                 {product} {ergonomic}
   size_t MarkStackSize                            = 4194304                                   {product} {ergonomic}
   size_t MaxHeapSize                              = 4278190080                                {product} {ergonomic}
   size_t MinHeapDeltaBytes                        = 1048576                                   {product} {ergonomic}
    uintx NonNMethodCodeHeapSize                   = 5836300                                {pd product} {ergonomic}
    uintx NonProfiledCodeHeapSize                  = 122910970                              {pd product} {ergonomic}
    uintx ProfiledCodeHeapSize                     = 122910970                              {pd product} {ergonomic}
    uintx ReservedCodeCacheSize                    = 251658240                              {pd product} {ergonomic}
     bool SegmentedCodeCache                       = true                                      {product} {ergonomic}
     bool UseCompressedClassPointers               = true                                 {lp64_product} {ergonomic}
     bool UseCompressedOops                        = true                                 {lp64_product} {ergonomic}
     bool UseG1GC                                  = true                                      {product} {ergonomic}
     bool UseLargePagesIndividualAllocation        = false                                  {pd product} {ergonomic}

Logging:
Log output configuration:
 #0: stdout all=warning uptime,level,tags
 #1: stderr all=off uptime,level,tags

Environment Variables:
PATH=C:/Program Files/Git/mingw64/libexec/git-core;C:/Program Files/Git/mingw64/libexec/git-core;C:\Program Files\Git\mingw64\bin;C:\Program Files\Git\usr\bin;C:\Users\User\bin;C:\Program Files (x86)\Intel\Intel(R) Management Engine Components\iCLS\;C:\Program Files\Intel\Intel(R) Management Engine Components\iCLS\;C:\Windows\system32;C:\Windows;C:\Windows\System32\Wbem;C:\Windows\System32\WindowsPowerShell\v1.0\;C:\Windows\System32\OpenSSH\;C:\Program Files (x86)\Intel\Intel(R) Management Engine Components\DAL;C:\Program Files\Intel\Intel(R) Management Engine Components\DAL;C:\Program Files (x86)\Intel\Intel(R) Management Engine Components\IPT;C:\Program Files\Intel\Intel(R) Management Engine Components\IPT;C:\Program Files (x86)\NVIDIA Corporation\PhysX\Common;C:\Program Files\NVIDIA Corporation\NVIDIA NvDLISR;C:\Program Files\nodejs\;C:\Program Files\Git\cmd;C:\Program Files (x86)\Yarn\bin\;E:\wamp64\bin\mysql\mysql5.7.31\bin;E:\wamp64\bin\php\php7.4.9;C:\ProgramData\ComposerSetup\bin;C:\Ruby26-x64\bin;C:\Users\User\AppData\Local\Microsoft\WindowsApps;C:\Users\User\AppData\Roaming\npm;C:\Users\User\AppData\Local\Yarn\bin;C:\Users\User\AppData\Local\Programs\Microsoft VS Code\bin;C:\Users\User\AppData\Roaming\Composer\vendor\bin
USERNAME=User
DISPLAY=:0.0
LC_ALL=en_US.UTF-8
OS=Windows_NT
PROCESSOR_IDENTIFIER=Intel64 Family 6 Model 158 Stepping 13, GenuineIntel



---------------  S Y S T E M  ---------------

OS: Windows 10 , 64 bit Build 18362 (10.0.18362.1350)
OS uptime: 2 days 3:26 hours

CPU:total 8 (initial active 8) (8 cores per cpu, 1 threads per core) family 6 model 158 stepping 13, cmov, cx8, fxsr, mmx, sse, sse2, sse3, ssse3, sse4.1, sse4.2, popcnt, avx, avx2, aes, clmul, erms, rtm, 3dnowpref, lzcnt, tsc, tscinvbit, bmi1, bmi2, adx, fma

Memory: 4k page, system-wide physical 16315M (5076M free)
TotalPageFile size 53198M (AvailPageFile size 41M)
current process WorkingSet (physical memory assigned to process): 10M, peak: 10M
current process commit charge ("private bytes"): 60M, peak: 316M

vm_info: OpenJDK 64-Bit Server VM (11.0.9.1+11-b1145.77) for windows-amd64 JRE (11.0.9.1+11-b1145.77), built on Jan 16 2021 05:14:13 by "" with MS VC++ 14.0 (VS2015)

END.
